#
# A fatal error has been detected by the Java Runtime Environment:
#
#  SIGSEGV (0xb) at pc=0x00007ff6d4128c58, pid=3850, tid=140698126010112
#
# JRE version: 6.0_24-b24
# Java VM: OpenJDK 64-Bit Server VM (20.0-b12 mixed mode linux-amd64 compressed oops)
# Derivative: IcedTea6 1.11.4
# Distribution: Ubuntu 12.04 LTS, package 6b24-1.11.4-1ubuntu0.12.04.1
# Problematic frame:
# C  [libX11.so.6+0x33c58]  XQueryExtension+0x28
#
# If you would like to submit a bug report, please include
# instructions how to reproduce the bug and visit:
#   https://bugs.launchpad.net/ubuntu/+source/openjdk-6/
#

---------------  T H R E A D  ---------------

Current thread (0x00007ff6d0070000):  VMThread [stack: 0x00007ff6d5c24000,0x00007ff6d5d25000] [id=3859]

siginfo:si_signo=SIGSEGV: si_errno=0, si_code=1 (SEGV_MAPERR), si_addr=0x0000000078003a48

Registers:
RAX=0x00007ff6bc0008c0, RBX=0x00000000780030e0, RCX=0x00007ff6d5d23678, RDX=0x00007ff6d5d23674
RSP=0x00007ff6d5d23610, RBP=0x00007ff687c8a932, RSI=0x00007ff687c8a932, RDI=0x00000000780030e0
R8 =0x00007ff6d5d2367c, R9 =0x0000000000000000, R10=0x00007ff6d9970fa8, R11=0x00007ff6d95f0ca0
R12=0x0000000000000000, R13=0x00007ff687c8a932, R14=0x00007ff6bc0008c0, R15=0x0000000000000000
RIP=0x00007ff6d4128c58, EFLAGS=0x0000000000010202, CSGSFS=0x0000000000000033, ERR=0x0000000000000004
  TRAPNO=0x000000000000000e

Top of Stack: (sp=0x00007ff6d5d23610)
0x00007ff6d5d23610:   00007ff6d95c3790 00007ff6da19e9e8
0x00007ff6d5d23620:   00007ff6d5c227e0 00007ff6d5d23678
0x00007ff6d5d23630:   00000000ffffffff 00000000780030e0
0x00007ff6d5d23640:   00007ff687c8a932 0000000000000000
0x00007ff6d5d23650:   00007ff687c8a932 00007ff6bc0008c0
0x00007ff6d5d23660:   0000000000000000 00007ff6d411cc55
0x00007ff6d5d23670:   00007ff6da1bd048 00007ff687dc3520
0x00007ff6d5d23680:   00007ff687dc3520 00000000780030e0
0x00007ff6d5d23690:   00007ff678014cf0 00007ff6d443602b
0x00007ff6d5d236a0:   00007ff6d95c3790 0000001100000038
0x00007ff6d5d236b0:   00007ff6d5d23730 0000000000000000
0x00007ff6d5d236c0:   00007ff6d5d23730 00000000780030e0
0x00007ff6d5d236d0:   0000000000000000 00007ff6da1bd048
0x00007ff6d5d236e0:   00007ff687ddcd50 00007ff687c31119
0x00007ff6d5d236f0:   0000000000000000 0000000000000038
0x00007ff6d5d23700:   00007ff6d5d23730 00007ff6d5d23750
0x00007ff6d5d23710:   0000000000000000 00007ff6da1bd048
0x00007ff6d5d23720:   00007ff678006590 00007ff687c27b42
0x00007ff6d5d23730:   00007ff6d5d23980 00007ff687c8a8b1
0x00007ff6d5d23740:   00007ff6d5d23980 00007ff6d9fa992d
0x00007ff6d5d23750:   00007ff6da1be2c8 00007ff6da1be858
0x00007ff6d5d23760:   00007ff6da19e000 00007ff6d0006d10
0x00007ff6d5d23770:   00007ff6d0007820 00007ff6d0007d20
0x00007ff6d5d23780:   00007ff6d000ca00 00007ff6d015b820
0x00007ff6d5d23790:   00007ff6d01b9590 00007ff6d01ccb10
0x00007ff6d5d237a0:   00007ff6da19d000 00007ff6d0255670
0x00007ff6d5d237b0:   00007ff6d02551a0 00007ff6d0245760
0x00007ff6d5d237c0:   00007ff6d024bb60 00007ff6d0180d10
0x00007ff6d5d237d0:   00007ff6d018ce80 00007ff6d018c9e0
0x00007ff6d5d237e0:   00007ff6d015c2d0 00007ff6d00025e0
0x00007ff6d5d237f0:   00007ff6d0001ec0 00000000007455d0
0x00007ff6d5d23800:   0000000000745b40 0000000000746550 

Instructions: (pc=0x00007ff6d4128c58)
0x00007ff6d4128c38:   24 d8 48 89 fb 4c 89 64 24 e0 4c 89 6c 24 e8 48
0x00007ff6d4128c48:   89 f5 4c 89 74 24 f0 4c 89 7c 24 f8 48 83 ec 58
0x00007ff6d4128c58:   48 8b 87 68 09 00 00 49 89 d4 49 89 cd 4d 89 c6
0x00007ff6d4128c68:   48 85 c0 74 02 ff 10 ba 08 00 00 00 be 62 00 00 

Register to memory mapping:

RAX=0x00007ff6bc0008c0 is an unknown value
RBX=0x00000000780030e0 is an unknown value
RCX=0x00007ff6d5d23678 is an unknown value
RDX=0x00007ff6d5d23674 is an unknown value
RSP=0x00007ff6d5d23610 is an unknown value
RBP=0x00007ff687c8a932: <offset 0x96932> in /usr/lib/fglrx/libGL.so.1 at 0x00007ff687bf4000
RSI=0x00007ff687c8a932: <offset 0x96932> in /usr/lib/fglrx/libGL.so.1 at 0x00007ff687bf4000
RDI=0x00000000780030e0 is an unknown value
R8 =0x00007ff6d5d2367c is an unknown value
R9 =0x0000000000000000 is an unknown value
R10=0x00007ff6d9970fa8: <offset 0x3bbfa8> in /lib/x86_64-linux-gnu/libc.so.6 at 0x00007ff6d95b5000
R11=0x00007ff6d95f0ca0: __cxa_finalize+0 in /lib/x86_64-linux-gnu/libc.so.6 at 0x00007ff6d95b5000
R12=0x0000000000000000 is an unknown value
R13=0x00007ff687c8a932: <offset 0x96932> in /usr/lib/fglrx/libGL.so.1 at 0x00007ff687bf4000
R14=0x00007ff6bc0008c0 is an unknown value
R15=0x0000000000000000 is an unknown value


Stack: [0x00007ff6d5c24000,0x00007ff6d5d25000],  sp=0x00007ff6d5d23610,  free space=1021k
Native frames: (J=compiled Java code, j=interpreted, Vv=VM code, C=native code)
C  [libX11.so.6+0x33c58]  XQueryExtension+0x28

VM_Operation (0x00007ff687ffd530): Exit, mode: safepoint, requested by thread 0x00007ff6d026f000


---------------  P R O C E S S  ---------------

Java Threads: ( => current thread )
  0x00007ff6d0008800 JavaThread "DestroyJavaVM" [_thread_blocked, id=3853, stack(0x00007ff6da099000,0x00007ff6da19a000)]
  0x00007ff6d026f000 JavaThread "LWJGL Application" [_thread_blocked, id=3873, stack(0x00007ff687efe000,0x00007ff687fff000)]
  0x00007ff6d0252800 JavaThread "AWT-XAWT" daemon [_thread_in_native, id=3868, stack(0x00007ff69f853000,0x00007ff69f954000)]
  0x00007ff6d01d1800 JavaThread "Java2D Disposer" daemon [_thread_blocked, id=3867, stack(0x00007ff6cc07d000,0x00007ff6cc17e000)]
  0x00007ff6d009e800 JavaThread "Low Memory Detector" daemon [_thread_blocked, id=3865, stack(0x00007ff6d4f3b000,0x00007ff6d503c000)]
  0x00007ff6d009c800 JavaThread "C2 CompilerThread1" daemon [_thread_blocked, id=3864, stack(0x00007ff6d503c000,0x00007ff6d513d000)]
  0x00007ff6d0099800 JavaThread "C2 CompilerThread0" daemon [_thread_blocked, id=3863, stack(0x00007ff6d513d000,0x00007ff6d523e000)]
  0x00007ff6d0079000 JavaThread "Finalizer" daemon [_thread_blocked, id=3861, stack(0x00007ff6d5a22000,0x00007ff6d5b23000)]
  0x00007ff6d0077000 JavaThread "Reference Handler" daemon [_thread_blocked, id=3860, stack(0x00007ff6d5b23000,0x00007ff6d5c24000)]

Other Threads:
=>0x00007ff6d0070000 VMThread [stack: 0x00007ff6d5c24000,0x00007ff6d5d25000] [id=3859]

VM state:at safepoint (shutting down)

VM Mutex/Monitor currently owned by a thread:  ([mutex/lock_event])
[0x00007ff6d00050e0] Threads_lock - owner thread: 0x00007ff6d0070000

Heap
 PSYoungGen      total 37120K, used 25733K [0x00000007d6960000, 0x00000007d92c0000, 0x0000000800000000)
  eden space 31872K, 80% used [0x00000007d6960000,0x00000007d8281560,0x00000007d8880000)
  from space 5248K, 0% used [0x00000007d8da0000,0x00000007d8da0000,0x00000007d92c0000)
  to   space 5248K, 0% used [0x00000007d8880000,0x00000007d8880000,0x00000007d8da0000)
 PSOldGen        total 84864K, used 0K [0x0000000783c00000, 0x0000000788ee0000, 0x00000007d6960000)
  object space 84864K, 0% used [0x0000000783c00000,0x0000000783c00000,0x0000000788ee0000)
 PSPermGen       total 21248K, used 11230K [0x0000000779600000, 0x000000077aac0000, 0x0000000783c00000)
  object space 21248K, 52% used [0x0000000779600000,0x000000077a0f78d0,0x000000077aac0000)

Code Cache  [0x00007ff6cd000000, 0x00007ff6cd270000, 0x00007ff6d0000000)
 total_blobs=845 nmethods=354 adapters=446 free_code_cache=48737920 largest_free_block=11904

Dynamic libraries:
00400000-00409000 r-xp 00000000 08:05 4333846                            /usr/lib/jvm/java-6-openjdk-amd64/jre/bin/java
00608000-00609000 r--p 00008000 08:05 4333846                            /usr/lib/jvm/java-6-openjdk-amd64/jre/bin/java
00609000-0060a000 rw-p 00009000 08:05 4333846                            /usr/lib/jvm/java-6-openjdk-amd64/jre/bin/java
00745000-00766000 rw-p 00000000 00:00 0                                  [heap]
779600000-77aac0000 rw-p 00000000 00:00 0 
77aac0000-783c00000 rw-p 00000000 00:00 0 
783c00000-788ee0000 rw-p 00000000 00:00 0 
788ee0000-7d6960000 rw-p 00000000 00:00 0 
7d6960000-7d92c0000 rw-p 00000000 00:00 0 
7d92c0000-800000000 rw-p 00000000 00:00 0 
7ff670000000-7ff6711ec000 rw-p 00000000 00:00 0 
7ff6711ec000-7ff674000000 ---p 00000000 00:00 0 
7ff678000000-7ff6793ed000 rw-p 00000000 00:00 0 
7ff6793ed000-7ff67c000000 ---p 00000000 00:00 0 
7ff67c000000-7ff67c021000 rw-p 00000000 00:00 0 
7ff67c021000-7ff680000000 ---p 00000000 00:00 0 
7ff680000000-7ff680021000 rw-p 00000000 00:00 0 
7ff680021000-7ff684000000 ---p 00000000 00:00 0 
7ff684bfd000-7ff684c45000 rw-p 00000000 00:00 0 
7ff684c45000-7ff685345000 rw-s 00006000 00:05 1853                       /dev/ati/card0
7ff685345000-7ff6854c5000 rw-p 00000000 00:00 0 
7ff6854c5000-7ff6854c7000 r-xp 00000000 08:05 4461131                    /usr/lib/x86_64-linux-gnu/libXinerama.so.1.0.0
7ff6854c7000-7ff6856c6000 ---p 00002000 08:05 4461131                    /usr/lib/x86_64-linux-gnu/libXinerama.so.1.0.0
7ff6856c6000-7ff6856c7000 r--p 00001000 08:05 4461131                    /usr/lib/x86_64-linux-gnu/libXinerama.so.1.0.0
7ff6856c7000-7ff6856c8000 rw-p 00002000 08:05 4461131                    /usr/lib/x86_64-linux-gnu/libXinerama.so.1.0.0
7ff6856c8000-7ff685703000 r-xp 00000000 08:05 4329217                    /usr/lib/fglrx/libatiadlxx.so
7ff685703000-7ff685803000 ---p 0003b000 08:05 4329217                    /usr/lib/fglrx/libatiadlxx.so
7ff685803000-7ff68580c000 rw-p 0003b000 08:05 4329217                    /usr/lib/fglrx/libatiadlxx.so
7ff68580c000-7ff68581d000 rw-p 00000000 00:00 0 
7ff68581d000-7ff685824000 r-xp 00000000 08:05 4329230                    /usr/lib/fglrx/libatiuki.so.1.0
7ff685824000-7ff685924000 ---p 00007000 08:05 4329230                    /usr/lib/fglrx/libatiuki.so.1.0
7ff685924000-7ff685925000 rw-p 00007000 08:05 4329230                    /usr/lib/fglrx/libatiuki.so.1.0
7ff685925000-7ff685926000 rw-p 00000000 00:00 0 
7ff685926000-7ff687880000 r-xp 00000000 08:05 4465519                    /usr/lib/fglrx/dri/fglrx_dri.so
7ff687880000-7ff687980000 ---p 01f5a000 08:05 4465519                    /usr/lib/fglrx/dri/fglrx_dri.so
7ff687980000-7ff687ace000 rwxp 01f5a000 08:05 4465519                    /usr/lib/fglrx/dri/fglrx_dri.so
7ff687ace000-7ff687bf4000 rwxp 00000000 00:00 0 
7ff687bf4000-7ff687cb7000 r-xp 00000000 08:05 4329220                    /usr/lib/fglrx/libGL.so.1.2
7ff687cb7000-7ff687db6000 ---p 000c3000 08:05 4329220                    /usr/lib/fglrx/libGL.so.1.2
7ff687db6000-7ff687ddd000 rwxp 000c2000 08:05 4329220                    /usr/lib/fglrx/libGL.so.1.2
7ff687ddd000-7ff687dfd000 rwxp 00000000 00:00 0 
7ff687dfd000-7ff687e00000 ---p 00000000 00:00 0 
7ff687e00000-7ff687efe000 rw-p 00000000 00:00 0 
7ff687efe000-7ff687f01000 ---p 00000000 00:00 0 
7ff687f01000-7ff687fff000 rw-p 00000000 00:00 0 
7ff68c000000-7ff68c021000 rw-p 00000000 00:00 0 
7ff68c021000-7ff690000000 ---p 00000000 00:00 0 
7ff690000000-7ff690021000 rw-p 00000000 00:00 0 
7ff690021000-7ff694000000 ---p 00000000 00:00 0 
7ff694000000-7ff694021000 rw-p 00000000 00:00 0 
7ff694021000-7ff698000000 ---p 00000000 00:00 0 
7ff698000000-7ff698021000 rw-p 00000000 00:00 0 
7ff698021000-7ff69c000000 ---p 00000000 00:00 0 
7ff69c017000-7ff69c097000 rw-p 00000000 00:00 0 
7ff69c097000-7ff69c0b7000 rw-s fea20000 00:05 1853                       /dev/ati/card0
7ff69c0b7000-7ff69c0b8000 ---p 00000000 00:00 0 
7ff69c0b8000-7ff69c8b8000 rw-p 00000000 00:00 0 
7ff69c8b8000-7ff69c8b9000 ---p 00000000 00:00 0 
7ff69c8b9000-7ff69d0b9000 rw-p 00000000 00:00 0 
7ff69d0b9000-7ff69d0d1000 r-xp 00000000 08:05 4194781                    /lib/x86_64-linux-gnu/libresolv-2.15.so
7ff69d0d1000-7ff69d2d1000 ---p 00018000 08:05 4194781                    /lib/x86_64-linux-gnu/libresolv-2.15.so
7ff69d2d1000-7ff69d2d2000 r--p 00018000 08:05 4194781                    /lib/x86_64-linux-gnu/libresolv-2.15.so
7ff69d2d2000-7ff69d2d3000 rw-p 00019000 08:05 4194781                    /lib/x86_64-linux-gnu/libresolv-2.15.so
7ff69d2d3000-7ff69d2d5000 rw-p 00000000 00:00 0 
7ff69d2d5000-7ff69d2db000 r-xp 00000000 08:05 4461520                    /usr/lib/x86_64-linux-gnu/libogg.so.0.7.1
7ff69d2db000-7ff69d4da000 ---p 00006000 08:05 4461520                    /usr/lib/x86_64-linux-gnu/libogg.so.0.7.1
7ff69d4da000-7ff69d4db000 r--p 00005000 08:05 4461520                    /usr/lib/x86_64-linux-gnu/libogg.so.0.7.1
7ff69d4db000-7ff69d4dc000 rw-p 00006000 08:05 4461520                    /usr/lib/x86_64-linux-gnu/libogg.so.0.7.1
7ff69d4dc000-7ff69d507000 r-xp 00000000 08:05 4461678                    /usr/lib/x86_64-linux-gnu/libvorbis.so.0.4.5
7ff69d507000-7ff69d706000 ---p 0002b000 08:05 4461678                    /usr/lib/x86_64-linux-gnu/libvorbis.so.0.4.5
7ff69d706000-7ff69d707000 r--p 0002a000 08:05 4461678                    /usr/lib/x86_64-linux-gnu/libvorbis.so.0.4.5
7ff69d707000-7ff69d708000 rw-p 0002b000 08:05 4461678                    /usr/lib/x86_64-linux-gnu/libvorbis.so.0.4.5
7ff69d708000-7ff69d9bb000 r-xp 00000000 08:05 4461680                    /usr/lib/x86_64-linux-gnu/libvorbisenc.so.2.0.8
7ff69d9bb000-7ff69dbba000 ---p 002b3000 08:05 4461680                    /usr/lib/x86_64-linux-gnu/libvorbisenc.so.2.0.8
7ff69dbba000-7ff69dbd6000 r--p 002b2000 08:05 4461680                    /usr/lib/x86_64-linux-gnu/libvorbisenc.so.2.0.8
7ff69dbd6000-7ff69dbd7000 rw-p 002ce000 08:05 4461680                    /usr/lib/x86_64-linux-gnu/libvorbisenc.so.2.0.8
7ff69dbd7000-7ff69dc1f000 r-xp 00000000 08:05 4461047                    /usr/lib/x86_64-linux-gnu/libFLAC.so.8.2.0
7ff69dc1f000-7ff69de1f000 ---p 00048000 08:05 4461047                    /usr/lib/x86_64-linux-gnu/libFLAC.so.8.2.0
7ff69de1f000-7ff69de20000 r--p 00048000 08:05 4461047                    /usr/lib/x86_64-linux-gnu/libFLAC.so.8.2.0
7ff69de20000-7ff69de21000 rw-p 00049000 08:05 4461047                    /usr/lib/x86_64-linux-gnu/libFLAC.so.8.2.0
7ff69de21000-7ff69de26000 r-xp 00000000 08:05 4461167                    /usr/lib/x86_64-linux-gnu/libasyncns.so.0.3.1
7ff69de26000-7ff69e025000 ---p 00005000 08:05 4461167                    /usr/lib/x86_64-linux-gnu/libasyncns.so.0.3.1
7ff69e025000-7ff69e026000 r--p 00004000 08:05 4461167                    /usr/lib/x86_64-linux-gnu/libasyncns.so.0.3.1
7ff69e026000-7ff69e027000 rw-p 00005000 08:05 4461167                    /usr/lib/x86_64-linux-gnu/libasyncns.so.0.3.1
7ff69e027000-7ff69e087000 r-xp 00000000 08:05 4461615                    /usr/lib/x86_64-linux-gnu/libsndfile.so.1.0.25
7ff69e087000-7ff69e287000 ---p 00060000 08:05 4461615                    /usr/lib/x86_64-linux-gnu/libsndfile.so.1.0.25
7ff69e287000-7ff69e289000 r--p 00060000 08:05 4461615                    /usr/lib/x86_64-linux-gnu/libsndfile.so.1.0.25
7ff69e289000-7ff69e28a000 rw-p 00062000 08:05 4461615                    /usr/lib/x86_64-linux-gnu/libsndfile.so.1.0.25
7ff69e28a000-7ff69e28e000 rw-p 00000000 00:00 0 
7ff69e28e000-7ff69e296000 r-xp 00000000 08:05 4198022                    /lib/x86_64-linux-gnu/libwrap.so.0.7.6
7ff69e296000-7ff69e495000 ---p 00008000 08:05 4198022                    /lib/x86_64-linux-gnu/libwrap.so.0.7.6
7ff69e495000-7ff69e496000 r--p 00007000 08:05 4198022                    /lib/x86_64-linux-gnu/libwrap.so.0.7.6
7ff69e496000-7ff69e497000 rw-p 00008000 08:05 4198022                    /lib/x86_64-linux-gnu/libwrap.so.0.7.6
7ff69e497000-7ff69e4d9000 r-xp 00000000 08:05 4194531                    /lib/x86_64-linux-gnu/libdbus-1.so.3.5.8
7ff69e4d9000-7ff69e6d9000 ---p 00042000 08:05 4194531                    /lib/x86_64-linux-gnu/libdbus-1.so.3.5.8
7ff69e6d9000-7ff69e6da000 r--p 00042000 08:05 4194531                    /lib/x86_64-linux-gnu/libdbus-1.so.3.5.8
7ff69e6da000-7ff69e6db000 rw-p 00043000 08:05 4194531                    /lib/x86_64-linux-gnu/libdbus-1.so.3.5.8
7ff69e6db000-7ff69e737000 r-xp 00000000 08:05 4461578                    /usr/lib/x86_64-linux-gnu/libpulsecommon-1.1.so
7ff69e737000-7ff69e937000 ---p 0005c000 08:05 4461578                    /usr/lib/x86_64-linux-gnu/libpulsecommon-1.1.so
7ff69e937000-7ff69e938000 r--p 0005c000 08:05 4461578                    /usr/lib/x86_64-linux-gnu/libpulsecommon-1.1.so
7ff69e938000-7ff69e939000 rw-p 0005d000 08:05 4461578                    /usr/lib/x86_64-linux-gnu/libpulsecommon-1.1.so
7ff69e939000-7ff69e940000 r-xp 00000000 08:05 4461454                    /usr/lib/x86_64-linux-gnu/libjson.so.0.0.1
7ff69e940000-7ff69eb3f000 ---p 00007000 08:05 4461454                    /usr/lib/x86_64-linux-gnu/libjson.so.0.0.1
7ff69eb3f000-7ff69eb40000 r--p 00006000 08:05 4461454                    /usr/lib/x86_64-linux-gnu/libjson.so.0.0.1
7ff69eb40000-7ff69eb41000 rw-p 00007000 08:05 4461454                    /usr/lib/x86_64-linux-gnu/libjson.so.0.0.1
7ff69eb41000-7ff69eb87000 r-xp 00000000 08:05 4461577                    /usr/lib/x86_64-linux-gnu/libpulse.so.0.13.5
7ff69eb87000-7ff69ed87000 ---p 00046000 08:05 4461577                    /usr/lib/x86_64-linux-gnu/libpulse.so.0.13.5
7ff69ed87000-7ff69ed88000 r--p 00046000 08:05 4461577                    /usr/lib/x86_64-linux-gnu/libpulse.so.0.13.5
7ff69ed88000-7ff69ed89000 rw-p 00047000 08:05 4461577                    /usr/lib/x86_64-linux-gnu/libpulse.so.0.13.5
7ff69efd9000-7ff69efdd000 r-xp 00000000 08:05 4461151                    /usr/lib/x86_64-linux-gnu/libXxf86vm.so.1.0.0
7ff69efdd000-7ff69f1dc000 ---p 00004000 08:05 4461151                    /usr/lib/x86_64-linux-gnu/libXxf86vm.so.1.0.0
7ff69f1dc000-7ff69f1dd000 r--p 00003000 08:05 4461151                    /usr/lib/x86_64-linux-gnu/libXxf86vm.so.1.0.0
7ff69f1dd000-7ff69f1de000 rw-p 00004000 08:05 4461151                    /usr/lib/x86_64-linux-gnu/libXxf86vm.so.1.0.0
7ff69f1de000-7ff69f1e6000 r-xp 00000000 08:05 4461141                    /usr/lib/x86_64-linux-gnu/libXrandr.so.2.2.0
7ff69f1e6000-7ff69f3e5000 ---p 00008000 08:05 4461141                    /usr/lib/x86_64-linux-gnu/libXrandr.so.2.2.0
7ff69f3e5000-7ff69f3e6000 r--p 00007000 08:05 4461141                    /usr/lib/x86_64-linux-gnu/libXrandr.so.2.2.0
7ff69f3e6000-7ff69f3e7000 rw-p 00008000 08:05 4461141                    /usr/lib/x86_64-linux-gnu/libXrandr.so.2.2.0
7ff69f3e7000-7ff69f44e000 r-xp 00000000 08:05 3670104                    /tmp/libgdxpeter/553733341/liblwjgl64.so
7ff69f44e000-7ff69f64e000 ---p 00067000 08:05 3670104                    /tmp/libgdxpeter/553733341/liblwjgl64.so
7ff69f64e000-7ff69f650000 r--p 00067000 08:05 3670104                    /tmp/libgdxpeter/553733341/liblwjgl64.so
7ff69f650000-7ff69f651000 rw-p 00069000 08:05 3670104                    /tmp/libgdxpeter/553733341/liblwjgl64.so
7ff69f651000-7ff69f652000 r-xp 00000000 08:05 4333842                    /usr/lib/jvm/java-6-openjdk-amd64/jre/lib/amd64/libjawt.so
7ff69f652000-7ff69f851000 ---p 00001000 08:05 4333842                    /usr/lib/jvm/java-6-openjdk-amd64/jre/lib/amd64/libjawt.so
7ff69f851000-7ff69f852000 r--p 00000000 08:05 4333842                    /usr/lib/jvm/java-6-openjdk-amd64/jre/lib/amd64/libjawt.so
7ff69f852000-7ff69f853000 rw-p 00001000 08:05 4333842                    /usr/lib/jvm/java-6-openjdk-amd64/jre/lib/amd64/libjawt.so
7ff69f853000-7ff69f856000 ---p 00000000 00:00 0 
7ff69f856000-7ff69f954000 rw-p 00000000 00:00 0 
7ff69f954000-7ff69f959000 r-xp 00000000 08:05 4461125                    /usr/lib/x86_64-linux-gnu/libXfixes.so.3.1.0
7ff69f959000-7ff69fb58000 ---p 00005000 08:05 4461125                    /usr/lib/x86_64-linux-gnu/libXfixes.so.3.1.0
7ff69fb58000-7ff69fb59000 r--p 00004000 08:05 4461125                    /usr/lib/x86_64-linux-gnu/libXfixes.so.3.1.0
7ff69fb59000-7ff69fb5a000 rw-p 00005000 08:05 4461125                    /usr/lib/x86_64-linux-gnu/libXfixes.so.3.1.0
7ff69fb5a000-7ff69fb63000 r-xp 00000000 08:05 4461117                    /usr/lib/x86_64-linux-gnu/libXcursor.so.1.0.2
7ff69fb63000-7ff69fd62000 ---p 00009000 08:05 4461117                    /usr/lib/x86_64-linux-gnu/libXcursor.so.1.0.2
7ff69fd62000-7ff69fd63000 r--p 00008000 08:05 4461117                    /usr/lib/x86_64-linux-gnu/libXcursor.so.1.0.2
7ff69fd63000-7ff69fd64000 rw-p 00009000 08:05 4461117                    /usr/lib/x86_64-linux-gnu/libXcursor.so.1.0.2
7ff69fd64000-7ff69fdfa000 r-xp 00000000 08:05 4461303                    /usr/lib/x86_64-linux-gnu/libfreetype.so.6.8.0
7ff69fdfa000-7ff69fff9000 ---p 00096000 08:05 4461303                    /usr/lib/x86_64-linux-gnu/libfreetype.so.6.8.0
7ff69fff9000-7ff69ffff000 r--p 00095000 08:05 4461303                    /usr/lib/x86_64-linux-gnu/libfreetype.so.6.8.0
7ff69ffff000-7ff6a0000000 rw-p 0009b000 08:05 4461303                    /usr/lib/x86_64-linux-gnu/libfreetype.so.6.8.0
7ff6a0000000-7ff6a2d06000 rw-p 00000000 00:00 0 
7ff6a2d06000-7ff6a4000000 ---p 00000000 00:00 0 
7ff6a4000000-7ff6a4021000 rw-p 00000000 00:00 0 
7ff6a4021000-7ff6a8000000 ---p 00000000 00:00 0 
7ff6a8000000-7ff6a8021000 rw-p 00000000 00:00 0 
7ff6a8021000-7ff6ac000000 ---p 00000000 00:00 0 
7ff6ac000000-7ff6afed4000 rw-p 00000000 00:00 0 
7ff6afed4000-7ff6b0000000 ---p 00000000 00:00 0 
7ff6b0000000-7ff6b0021000 rw-p 00000000 00:00 0 
7ff6b0021000-7ff6b4000000 ---p 00000000 00:00 0 
7ff6b4000000-7ff6b4021000 rw-p 00000000 00:00 0 
7ff6b4021000-7ff6b8000000 ---p 00000000 00:00 0 
7ff6b8000000-7ff6b8021000 rw-p 00000000 00:00 0 
7ff6b8021000-7ff6bc000000 ---p 00000000 00:00 0 
7ff6bc000000-7ff6bc021000 rw-p 00000000 00:00 0 
7ff6bc021000-7ff6c0000000 ---p 00000000 00:00 0 
7ff6c0000000-7ff6c0021000 rw-p 00000000 00:00 0 
7ff6c0021000-7ff6c4000000 ---p 00000000 00:00 0 
7ff6c4000000-7ff6c4021000 rw-p 00000000 00:00 0 
7ff6c4021000-7ff6c8000000 ---p 00000000 00:00 0 
7ff6c8000000-7ff6c8021000 rw-p 00000000 00:00 0 
7ff6c8021000-7ff6cc000000 ---p 00000000 00:00 0 
7ff6cc01c000-7ff6cc01d000 rw-s 00005000 00:05 1853                       /dev/ati/card0
7ff6cc01d000-7ff6cc01f000 rw-s 00002000 00:05 1853                       /dev/ati/card0
7ff6cc048000-7ff6cc04f000 r--s 00000000 08:05 4600214                    /usr/lib/x86_64-linux-gnu/gconv/gconv-modules.cache
7ff6cc04f000-7ff6cc050000 r--s 00000000 08:05 2097235                    /var/cache/fontconfig/c05880de57d1f5e948fdfacc138775d9-le64.cache-3
7ff6cc050000-7ff6cc059000 r--s 00000000 08:05 2097230                    /var/cache/fontconfig/945677eb7aeaf62f1d50efc3fb3ec7d8-le64.cache-3
7ff6cc059000-7ff6cc05b000 r--s 00000000 08:05 2097231                    /var/cache/fontconfig/99e8ed0e538f840c565b6ed5dad60d56-le64.cache-3
7ff6cc05b000-7ff6cc063000 r--s 00000000 08:05 2107402                    /var/cache/fontconfig/a6d8cf8e4ec09cdbc8633c31745a07dd-le64.cache-3
7ff6cc063000-7ff6cc067000 r--s 00000000 08:05 2097217                    /var/cache/fontconfig/2cd17615ca594fa2959ae173292e504c-le64.cache-3
7ff6cc067000-7ff6cc06d000 r--s 00000000 08:05 2097232                    /var/cache/fontconfig/a755afe4a08bf5b97852ceb7400b47bc-le64.cache-3
7ff6cc06d000-7ff6cc07d000 r--s 00000000 08:05 2097214                    /var/cache/fontconfig/04aabc0a78ac019cf9454389977116d2-le64.cache-3
7ff6cc07d000-7ff6cc080000 ---p 00000000 00:00 0 
7ff6cc080000-7ff6cc17e000 rw-p 00000000 00:00 0 
7ff6cc17e000-7ff6cc1b8000 r-xp 00000000 08:05 4333827                    /usr/lib/jvm/java-6-openjdk-amd64/jre/lib/amd64/libfontmanager.so
7ff6cc1b8000-7ff6cc3b7000 ---p 0003a000 08:05 4333827                    /usr/lib/jvm/java-6-openjdk-amd64/jre/lib/amd64/libfontmanager.so
7ff6cc3b7000-7ff6cc3b9000 r--p 00039000 08:05 4333827                    /usr/lib/jvm/java-6-openjdk-amd64/jre/lib/amd64/libfontmanager.so
7ff6cc3b9000-7ff6cc3ba000 rw-p 0003b000 08:05 4333827                    /usr/lib/jvm/java-6-openjdk-amd64/jre/lib/amd64/libfontmanager.so
7ff6cc3ba000-7ff6cc3bf000 r-xp 00000000 08:05 4461121                    /usr/lib/x86_64-linux-gnu/libXdmcp.so.6.0.0
7ff6cc3bf000-7ff6cc5be000 ---p 00005000 08:05 4461121                    /usr/lib/x86_64-linux-gnu/libXdmcp.so.6.0.0
7ff6cc5be000-7ff6cc5bf000 r--p 00004000 08:05 4461121                    /usr/lib/x86_64-linux-gnu/libXdmcp.so.6.0.0
7ff6cc5bf000-7ff6cc5c0000 rw-p 00005000 08:05 4461121                    /usr/lib/x86_64-linux-gnu/libXdmcp.so.6.0.0
7ff6cc5c0000-7ff6cc5c2000 r-xp 00000000 08:05 4461110                    /usr/lib/x86_64-linux-gnu/libXau.so.6.0.0
7ff6cc5c2000-7ff6cc7c1000 ---p 00002000 08:05 4461110                    /usr/lib/x86_64-linux-gnu/libXau.so.6.0.0
7ff6cc7c1000-7ff6cc7c2000 r--p 00001000 08:05 4461110                    /usr/lib/x86_64-linux-gnu/libXau.so.6.0.0
7ff6cc7c2000-7ff6cc7c3000 rw-p 00002000 08:05 4461110                    /usr/lib/x86_64-linux-gnu/libXau.so.6.0.0
7ff6cc7c3000-7ff6cc7e0000 r-xp 00000000 08:05 4461709                    /usr/lib/x86_64-linux-gnu/libxcb.so.1.1.0
7ff6cc7e0000-7ff6cc9df000 ---p 0001d000 08:05 4461709                    /usr/lib/x86_64-linux-gnu/libxcb.so.1.1.0
7ff6cc9df000-7ff6cc9e0000 r--p 0001c000 08:05 4461709                    /usr/lib/x86_64-linux-gnu/libxcb.so.1.1.0
7ff6cc9e0000-7ff6cc9e1000 rw-p 0001d000 08:05 4461709                    /usr/lib/x86_64-linux-gnu/libxcb.so.1.1.0
7ff6cc9e1000-7ff6cc9ef000 r-xp 00000000 08:05 4461129                    /usr/lib/x86_64-linux-gnu/libXi.so.6.1.0
7ff6cc9ef000-7ff6ccbee000 ---p 0000e000 08:05 4461129                    /usr/lib/x86_64-linux-gnu/libXi.so.6.1.0
7ff6ccbee000-7ff6ccbef000 r--p 0000d000 08:05 4461129                    /usr/lib/x86_64-linux-gnu/libXi.so.6.1.0
7ff6ccbef000-7ff6ccbf0000 rw-p 0000e000 08:05 4461129                    /usr/lib/x86_64-linux-gnu/libXi.so.6.1.0
7ff6ccbf0000-7ff6ccbf5000 r-xp 00000000 08:05 4461147                    /usr/lib/x86_64-linux-gnu/libXtst.so.6.1.0
7ff6ccbf5000-7ff6ccdf4000 ---p 00005000 08:05 4461147                    /usr/lib/x86_64-linux-gnu/libXtst.so.6.1.0
7ff6ccdf4000-7ff6ccdf5000 r--p 00004000 08:05 4461147                    /usr/lib/x86_64-linux-gnu/libXtst.so.6.1.0
7ff6ccdf5000-7ff6ccdf6000 rw-p 00005000 08:05 4461147                    /usr/lib/x86_64-linux-gnu/libXtst.so.6.1.0
7ff6ccdf6000-7ff6ccdff000 r-xp 00000000 08:05 4461143                    /usr/lib/x86_64-linux-gnu/libXrender.so.1.3.0
7ff6ccdff000-7ff6ccffe000 ---p 00009000 08:05 4461143                    /usr/lib/x86_64-linux-gnu/libXrender.so.1.3.0
7ff6ccffe000-7ff6ccfff000 r--p 00008000 08:05 4461143                    /usr/lib/x86_64-linux-gnu/libXrender.so.1.3.0
7ff6ccfff000-7ff6cd000000 rw-p 00009000 08:05 4461143                    /usr/lib/x86_64-linux-gnu/libXrender.so.1.3.0
7ff6cd000000-7ff6cd270000 rwxp 00000000 00:00 0 
7ff6cd270000-7ff6d02a4000 rw-p 00000000 00:00 0 
7ff6d02a4000-7ff6d4000000 ---p 00000000 00:00 0 
7ff6d4000000-7ff6d4001000 r--s 00000000 08:05 2097242                    /var/cache/fontconfig/e7071f4a29fa870f4323321c154eba04-le64.cache-3
7ff6d4001000-7ff6d4002000 r--s 00000000 08:05 2097215                    /var/cache/fontconfig/0d8c3b2ac0904cb8a57a757ad11a4a08-le64.cache-3
7ff6d4002000-7ff6d400b000 r--s 00000000 08:05 2105198                    /var/cache/fontconfig/6d41288fd70b0be22e8c3a91e032eec0-le64.cache-3
7ff6d400b000-7ff6d400e000 r--s 00000000 08:05 2097220                    /var/cache/fontconfig/385c0604a188198f04d133e54aba7fe7-le64.cache-3
7ff6d400e000-7ff6d400f000 r--s 00000000 08:05 2097221                    /var/cache/fontconfig/4794a0821666d79190d59a36cb4f44b5-le64.cache-3
7ff6d400f000-7ff6d4012000 r--s 00000000 08:05 2097229                    /var/cache/fontconfig/8801497958630a81b71ace7c5f9b32a8-le64.cache-3
7ff6d4012000-7ff6d4040000 r--s 00000000 08:05 2098075                    /var/cache/fontconfig/365b55f210c0a22e9a19e35191240f32-le64.cache-3
7ff6d4040000-7ff6d4045000 r--s 00000000 08:05 2097218                    /var/cache/fontconfig/3047814df9a2f067bd2d96a2b9c36e5a-le64.cache-3
7ff6d4045000-7ff6d4046000 r--s 00000000 08:05 2097223                    /var/cache/fontconfig/56cf4f4769d0f4abc89a4895d7bd3ae1-le64.cache-3
7ff6d4046000-7ff6d4047000 r--s 00000000 08:05 2097234                    /var/cache/fontconfig/b9d506c9ac06c20b433354fa67a72993-le64.cache-3
7ff6d4047000-7ff6d404c000 r--s 00000000 08:05 2097233                    /var/cache/fontconfig/b47c4e1ecd0709278f4910c18777a504-le64.cache-3
7ff6d404c000-7ff6d4054000 r--s 00000000 08:05 2107400                    /var/cache/fontconfig/52f7bdb7ce746bfd7eaa1985bd9cfa93-le64.cache-3
7ff6d4054000-7ff6d4064000 r--s 00000000 08:05 2097238                    /var/cache/fontconfig/d52a8644073d54c13679302ca1180695-le64.cache-3
7ff6d4064000-7ff6d406a000 r--s 00000000 08:05 2104193                    /var/cache/fontconfig/3f7329c5293ffd510edef78f73874cfd-le64.cache-3
7ff6d406a000-7ff6d406d000 r--s 00000000 08:05 2104267                    /var/cache/fontconfig/e13b20fdb08344e0e664864cc2ede53d-le64.cache-3
7ff6d406d000-7ff6d4071000 r--s 00000000 08:05 2103149                    /var/cache/fontconfig/7ef2298fde41cc6eeb7af42e48b7d293-le64.cache-3
7ff6d4071000-7ff6d4072000 r--s 00000000 08:05 2097235                    /var/cache/fontconfig/c05880de57d1f5e948fdfacc138775d9-le64.cache-3
7ff6d4072000-7ff6d407b000 r--s 00000000 08:05 2097230                    /var/cache/fontconfig/945677eb7aeaf62f1d50efc3fb3ec7d8-le64.cache-3
7ff6d407b000-7ff6d407d000 r--s 00000000 08:05 2097231                    /var/cache/fontconfig/99e8ed0e538f840c565b6ed5dad60d56-le64.cache-3
7ff6d407d000-7ff6d4085000 r--s 00000000 08:05 2107402                    /var/cache/fontconfig/a6d8cf8e4ec09cdbc8633c31745a07dd-le64.cache-3
7ff6d4085000-7ff6d4089000 r--s 00000000 08:05 2097217                    /var/cache/fontconfig/2cd17615ca594fa2959ae173292e504c-le64.cache-3
7ff6d4089000-7ff6d408a000 r--s 00000000 08:05 2097242                    /var/cache/fontconfig/e7071f4a29fa870f4323321c154eba04-le64.cache-3
7ff6d408a000-7ff6d408b000 r--s 00000000 08:05 2097215                    /var/cache/fontconfig/0d8c3b2ac0904cb8a57a757ad11a4a08-le64.cache-3
7ff6d408b000-7ff6d4091000 r--s 00000000 08:05 2097232                    /var/cache/fontconfig/a755afe4a08bf5b97852ceb7400b47bc-le64.cache-3
7ff6d4091000-7ff6d409a000 r--s 00000000 08:05 2105198                    /var/cache/fontconfig/6d41288fd70b0be22e8c3a91e032eec0-le64.cache-3
7ff6d409a000-7ff6d40aa000 r--s 00000000 08:05 2097214                    /var/cache/fontconfig/04aabc0a78ac019cf9454389977116d2-le64.cache-3
7ff6d40aa000-7ff6d40d8000 r--s 00000000 08:05 2098075                    /var/cache/fontconfig/365b55f210c0a22e9a19e35191240f32-le64.cache-3
7ff6d40d8000-7ff6d40dd000 r--s 00000000 08:05 2097233                    /var/cache/fontconfig/b47c4e1ecd0709278f4910c18777a504-le64.cache-3
7ff6d40dd000-7ff6d40e5000 r--s 00000000 08:05 2107400                    /var/cache/fontconfig/52f7bdb7ce746bfd7eaa1985bd9cfa93-le64.cache-3
7ff6d40e5000-7ff6d40f5000 r--s 00000000 08:05 2097238                    /var/cache/fontconfig/d52a8644073d54c13679302ca1180695-le64.cache-3
7ff6d40f5000-7ff6d4224000 r-xp 00000000 08:05 4461108                    /usr/lib/x86_64-linux-gnu/libX11.so.6.3.0
7ff6d4224000-7ff6d4424000 ---p 0012f000 08:05 4461108                    /usr/lib/x86_64-linux-gnu/libX11.so.6.3.0
7ff6d4424000-7ff6d4425000 r--p 0012f000 08:05 4461108                    /usr/lib/x86_64-linux-gnu/libX11.so.6.3.0
7ff6d4425000-7ff6d4429000 rw-p 00130000 08:05 4461108                    /usr/lib/x86_64-linux-gnu/libX11.so.6.3.0
7ff6d4429000-7ff6d4439000 r-xp 00000000 08:05 4461123                    /usr/lib/x86_64-linux-gnu/libXext.so.6.4.0
7ff6d4439000-7ff6d4638000 ---p 00010000 08:05 4461123                    /usr/lib/x86_64-linux-gnu/libXext.so.6.4.0
7ff6d4638000-7ff6d4639000 r--p 0000f000 08:05 4461123                    /usr/lib/x86_64-linux-gnu/libXext.so.6.4.0
7ff6d4639000-7ff6d463a000 rw-p 00010000 08:05 4461123                    /usr/lib/x86_64-linux-gnu/libXext.so.6.4.0
7ff6d463a000-7ff6d463d000 r--s 00000000 08:05 2097220                    /var/cache/fontconfig/385c0604a188198f04d133e54aba7fe7-le64.cache-3
7ff6d463d000-7ff6d463e000 r--s 00000000 08:05 2097221                    /var/cache/fontconfig/4794a0821666d79190d59a36cb4f44b5-le64.cache-3
7ff6d463e000-7ff6d4641000 r--s 00000000 08:05 2097229                    /var/cache/fontconfig/8801497958630a81b71ace7c5f9b32a8-le64.cache-3
7ff6d4641000-7ff6d4646000 r--s 00000000 08:05 2097218                    /var/cache/fontconfig/3047814df9a2f067bd2d96a2b9c36e5a-le64.cache-3
7ff6d4646000-7ff6d4647000 r--s 00000000 08:05 2097223                    /var/cache/fontconfig/56cf4f4769d0f4abc89a4895d7bd3ae1-le64.cache-3
7ff6d4647000-7ff6d4648000 r--s 00000000 08:05 2097234                    /var/cache/fontconfig/b9d506c9ac06c20b433354fa67a72993-le64.cache-3
7ff6d4648000-7ff6d464e000 r--s 00000000 08:05 2104193                    /var/cache/fontconfig/3f7329c5293ffd510edef78f73874cfd-le64.cache-3
7ff6d464e000-7ff6d4651000 r--s 00000000 08:05 2104267                    /var/cache/fontconfig/e13b20fdb08344e0e664864cc2ede53d-le64.cache-3
7ff6d4651000-7ff6d4655000 r--s 00000000 08:05 2103149                    /var/cache/fontconfig/7ef2298fde41cc6eeb7af42e48b7d293-le64.cache-3
7ff6d4655000-7ff6d46a0000 r-xp 00000000 08:05 4333950                    /usr/lib/jvm/java-6-openjdk-amd64/jre/lib/amd64/xawt/libmawt.so
7ff6d46a0000-7ff6d48a0000 ---p 0004b000 08:05 4333950                    /usr/lib/jvm/java-6-openjdk-amd64/jre/lib/amd64/xawt/libmawt.so
7ff6d48a0000-7ff6d48a1000 r--p 0004b000 08:05 4333950                    /usr/lib/jvm/java-6-openjdk-amd64/jre/lib/amd64/xawt/libmawt.so
7ff6d48a1000-7ff6d48a4000 rw-p 0004c000 08:05 4333950                    /usr/lib/jvm/java-6-openjdk-amd64/jre/lib/amd64/xawt/libmawt.so
7ff6d48a4000-7ff6d48a5000 rw-p 00000000 00:00 0 
7ff6d48a5000-7ff6d4951000 r-xp 00000000 08:05 4333830                    /usr/lib/jvm/java-6-openjdk-amd64/jre/lib/amd64/libawt.so
7ff6d4951000-7ff6d4b50000 ---p 000ac000 08:05 4333830                    /usr/lib/jvm/java-6-openjdk-amd64/jre/lib/amd64/libawt.so
7ff6d4b50000-7ff6d4b51000 r--p 000ab000 08:05 4333830                    /usr/lib/jvm/java-6-openjdk-amd64/jre/lib/amd64/libawt.so
7ff6d4b51000-7ff6d4b5c000 rw-p 000ac000 08:05 4333830                    /usr/lib/jvm/java-6-openjdk-amd64/jre/lib/amd64/libawt.so
7ff6d4b5c000-7ff6d4b81000 rw-p 00000000 00:00 0 
7ff6d4b81000-7ff6d4bf8000 r-xp 00000000 08:05 3670090                    /tmp/libgdxpeter/553733341/libgdx64.so
7ff6d4bf8000-7ff6d4df7000 ---p 00077000 08:05 3670090                    /tmp/libgdxpeter/553733341/libgdx64.so
7ff6d4df7000-7ff6d4df9000 r--p 00076000 08:05 3670090                    /tmp/libgdxpeter/553733341/libgdx64.so
7ff6d4df9000-7ff6d4dfa000 rw-p 00078000 08:05 3670090                    /tmp/libgdxpeter/553733341/libgdx64.so
7ff6d4dfa000-7ff6d4dfb000 rw-p 00000000 00:00 0 
7ff6d4dfb000-7ff6d4e02000 r--s 000fb000 08:05 4333294                    /usr/lib/jvm/java-6-openjdk-common/jre/lib/resources.jar
7ff6d4e02000-7ff6d4e04000 r--s 00007000 00:14 1048613                    /home/peter/.m2/repository/org/objenesis/objenesis/1.2/objenesis-1.2.jar
7ff6d4e04000-7ff6d4e0a000 r--s 0004a000 00:14 1048612                    /home/peter/.m2/repository/cglib/cglib-nodep/2.2.2/cglib-nodep-2.2.2.jar
7ff6d4e0a000-7ff6d4e0d000 r--s 00019000 00:14 919259                     /home/peter/.m2/repository/org/easymock/easymock/3.1/easymock-3.1.jar
7ff6d4e0d000-7ff6d4e10000 r--s 0001b000 00:14 1048614                    /home/peter/.m2/repository/junit/junit/3.8.2/junit-3.8.2.jar
7ff6d4e10000-7ff6d4e13000 r--s 00017000 00:14 1051243                    /home/peter/.m2/repository/de/huxhorn/sulky/de.huxhorn.sulky.3rdparty.jlayer/1.0/de.huxhorn.sulky.3rdparty.jlayer-1.0.jar
7ff6d4e13000-7ff6d4e14000 r--s 00008000 00:14 1051241                    /home/peter/.m2/repository/org/lwjgl/lwjgl/lwjgl_util_applet/2.8.4/lwjgl_util_applet-2.8.4.jar
7ff6d4e14000-7ff6d4e18000 r--s 00027000 00:14 1051240                    /home/peter/.m2/repository/org/lwjgl/lwjgl/lwjgl_util/2.8.4/lwjgl_util-2.8.4.jar
7ff6d4e18000-7ff6d4e19000 r--s 00002000 00:14 1051237                    /home/peter/.m2/repository/net/java/jinput/jinput-platform/2.0.5/jinput-platform-2.0.5-natives-osx.jar
7ff6d4e19000-7ff6d4e1a000 r--s 00025000 00:14 1051236                    /home/peter/.m2/repository/net/java/jinput/jinput-platform/2.0.5/jinput-platform-2.0.5-natives-windows.jar
7ff6d4e1a000-7ff6d4e27000 r--s 000d9000 00:14 1051227                    /home/peter/.m2/repository/org/lwjgl/lwjgl/lwjgl/2.8.4/lwjgl-2.8.4.jar
7ff6d4e27000-7ff6d4e3a000 r--s 003b3000 00:14 1052965                    /home/peter/.m2/repository/com/peterlavalle/libgdx-degen.lwjgl/0.9.6/libgdx-degen.lwjgl-0.9.6.jar
7ff6d4e3a000-7ff6d4e3b000 ---p 00000000 00:00 0 
7ff6d4e3b000-7ff6d4f3b000 rw-p 00000000 00:00 0 
7ff6d4f3b000-7ff6d4f3e000 ---p 00000000 00:00 0 
7ff6d4f3e000-7ff6d503c000 rw-p 00000000 00:00 0 
7ff6d503c000-7ff6d503f000 ---p 00000000 00:00 0 
7ff6d503f000-7ff6d513d000 rw-p 00000000 00:00 0 
7ff6d513d000-7ff6d5140000 ---p 00000000 00:00 0 
7ff6d5140000-7ff6d523e000 rw-p 00000000 00:00 0 
7ff6d523e000-7ff6d5241000 ---p 00000000 00:00 0 
7ff6d5241000-7ff6d533f000 rw-p 00000000 00:00 0 
7ff6d533f000-7ff6d5a22000 r--p 00000000 08:05 4331099                    /usr/lib/locale/locale-archive
7ff6d5a22000-7ff6d5a25000 ---p 00000000 00:00 0 
7ff6d5a25000-7ff6d5b23000 rw-p 00000000 00:00 0 
7ff6d5b23000-7ff6d5b26000 ---p 00000000 00:00 0 
7ff6d5b26000-7ff6d5c24000 rw-p 00000000 00:00 0 
7ff6d5c24000-7ff6d5c25000 ---p 00000000 00:00 0 
7ff6d5c25000-7ff6d625d000 rw-p 00000000 00:00 0 
7ff6d625d000-7ff6d63ef000 r--s 037bf000 08:05 4333799                    /usr/lib/jvm/java-6-openjdk-amd64/jre/lib/rt.jar
7ff6d63ef000-7ff6d6417000 rw-p 00000000 00:00 0 
7ff6d6417000-7ff6d6418000 ---p 00000000 00:00 0 
7ff6d6418000-7ff6d6518000 rw-p 00000000 00:00 0 
7ff6d6518000-7ff6d6519000 ---p 00000000 00:00 0 
7ff6d6519000-7ff6d6619000 rw-p 00000000 00:00 0 
7ff6d6619000-7ff6d661a000 ---p 00000000 00:00 0 
7ff6d661a000-7ff6d671a000 rw-p 00000000 00:00 0 
7ff6d671a000-7ff6d671b000 ---p 00000000 00:00 0 
7ff6d671b000-7ff6d6826000 rw-p 00000000 00:00 0 
7ff6d6826000-7ff6d686e000 rw-p 00000000 00:00 0 
7ff6d686e000-7ff6d6898000 rw-p 00000000 00:00 0 
7ff6d6898000-7ff6d6b05000 rw-p 00000000 00:00 0 
7ff6d6b05000-7ff6d6b10000 rw-p 00000000 00:00 0 
7ff6d6b10000-7ff6d6b58000 rw-p 00000000 00:00 0 
7ff6d6b58000-7ff6d6b82000 rw-p 00000000 00:00 0 
7ff6d6b82000-7ff6d6dee000 rw-p 00000000 00:00 0 
7ff6d6dee000-7ff6d6e04000 rw-p 00000000 00:00 0 
7ff6d6e04000-7ff6d6f3a000 rw-p 00000000 00:00 0 
7ff6d6f3a000-7ff6d6f3b000 rw-p 00000000 00:00 0 
7ff6d6f3b000-7ff6d6f42000 r-xp 00000000 08:05 4333844                    /usr/lib/jvm/java-6-openjdk-amd64/jre/lib/amd64/libzip.so
7ff6d6f42000-7ff6d7141000 ---p 00007000 08:05 4333844                    /usr/lib/jvm/java-6-openjdk-amd64/jre/lib/amd64/libzip.so
7ff6d7141000-7ff6d7142000 r--p 00006000 08:05 4333844                    /usr/lib/jvm/java-6-openjdk-amd64/jre/lib/amd64/libzip.so
7ff6d7142000-7ff6d7143000 rw-p 00007000 08:05 4333844                    /usr/lib/jvm/java-6-openjdk-amd64/jre/lib/amd64/libzip.so
7ff6d7143000-7ff6d714f000 r-xp 00000000 08:05 4194786                    /lib/x86_64-linux-gnu/libnss_files-2.15.so
7ff6d714f000-7ff6d734e000 ---p 0000c000 08:05 4194786                    /lib/x86_64-linux-gnu/libnss_files-2.15.so
7ff6d734e000-7ff6d734f000 r--p 0000b000 08:05 4194786                    /lib/x86_64-linux-gnu/libnss_files-2.15.so
7ff6d734f000-7ff6d7350000 rw-p 0000c000 08:05 4194786                    /lib/x86_64-linux-gnu/libnss_files-2.15.so
7ff6d7350000-7ff6d735a000 r-xp 00000000 08:05 4194782                    /lib/x86_64-linux-gnu/libnss_nis-2.15.so
7ff6d735a000-7ff6d755a000 ---p 0000a000 08:05 4194782                    /lib/x86_64-linux-gnu/libnss_nis-2.15.so
7ff6d755a000-7ff6d755b000 r--p 0000a000 08:05 4194782                    /lib/x86_64-linux-gnu/libnss_nis-2.15.so
7ff6d755b000-7ff6d755c000 rw-p 0000b000 08:05 4194782                    /lib/x86_64-linux-gnu/libnss_nis-2.15.so
7ff6d755c000-7ff6d7573000 r-xp 00000000 08:05 4194795                    /lib/x86_64-linux-gnu/libnsl-2.15.so
7ff6d7573000-7ff6d7772000 ---p 00017000 08:05 4194795                    /lib/x86_64-linux-gnu/libnsl-2.15.so
7ff6d7772000-7ff6d7773000 r--p 00016000 08:05 4194795                    /lib/x86_64-linux-gnu/libnsl-2.15.so
7ff6d7773000-7ff6d7774000 rw-p 00017000 08:05 4194795                    /lib/x86_64-linux-gnu/libnsl-2.15.so
7ff6d7774000-7ff6d7776000 rw-p 00000000 00:00 0 
7ff6d7776000-7ff6d777e000 r-xp 00000000 08:05 4194787                    /lib/x86_64-linux-gnu/libnss_compat-2.15.so
7ff6d777e000-7ff6d797d000 ---p 00008000 08:05 4194787                    /lib/x86_64-linux-gnu/libnss_compat-2.15.so
7ff6d797d000-7ff6d797e000 r--p 00007000 08:05 4194787                    /lib/x86_64-linux-gnu/libnss_compat-2.15.so
7ff6d797e000-7ff6d797f000 rw-p 00008000 08:05 4194787                    /lib/x86_64-linux-gnu/libnss_compat-2.15.so
7ff6d797f000-7ff6d79ab000 r-xp 00000000 08:05 4333829                    /usr/lib/jvm/java-6-openjdk-amd64/jre/lib/amd64/libjava.so
7ff6d79ab000-7ff6d7baa000 ---p 0002c000 08:05 4333829                    /usr/lib/jvm/java-6-openjdk-amd64/jre/lib/amd64/libjava.so
7ff6d7baa000-7ff6d7bab000 r--p 0002b000 08:05 4333829                    /usr/lib/jvm/java-6-openjdk-amd64/jre/lib/amd64/libjava.so
7ff6d7bab000-7ff6d7bae000 rw-p 0002c000 08:05 4333829                    /usr/lib/jvm/java-6-openjdk-amd64/jre/lib/amd64/libjava.so
7ff6d7bae000-7ff6d7bbc000 r-xp 00000000 08:05 4333828                    /usr/lib/jvm/java-6-openjdk-amd64/jre/lib/amd64/libverify.so
7ff6d7bbc000-7ff6d7dbb000 ---p 0000e000 08:05 4333828                    /usr/lib/jvm/java-6-openjdk-amd64/jre/lib/amd64/libverify.so
7ff6d7dbb000-7ff6d7dbd000 r--p 0000d000 08:05 4333828                    /usr/lib/jvm/java-6-openjdk-amd64/jre/lib/amd64/libverify.so
7ff6d7dbd000-7ff6d7dbe000 rw-p 0000f000 08:05 4333828                    /usr/lib/jvm/java-6-openjdk-amd64/jre/lib/amd64/libverify.so
7ff6d7dbe000-7ff6d7dc5000 r-xp 00000000 08:05 4194776                    /lib/x86_64-linux-gnu/librt-2.15.so
7ff6d7dc5000-7ff6d7fc4000 ---p 00007000 08:05 4194776                    /lib/x86_64-linux-gnu/librt-2.15.so
7ff6d7fc4000-7ff6d7fc5000 r--p 00006000 08:05 4194776                    /lib/x86_64-linux-gnu/librt-2.15.so
7ff6d7fc5000-7ff6d7fc6000 rw-p 00007000 08:05 4194776                    /lib/x86_64-linux-gnu/librt-2.15.so
7ff6d7fc6000-7ff6d7fdb000 r-xp 00000000 08:05 4197934                    /lib/x86_64-linux-gnu/libgcc_s.so.1
7ff6d7fdb000-7ff6d81da000 ---p 00015000 08:05 4197934                    /lib/x86_64-linux-gnu/libgcc_s.so.1
7ff6d81da000-7ff6d81db000 r--p 00014000 08:05 4197934                    /lib/x86_64-linux-gnu/libgcc_s.so.1
7ff6d81db000-7ff6d81dc000 rw-p 00015000 08:05 4197934                    /lib/x86_64-linux-gnu/libgcc_s.so.1
7ff6d81dc000-7ff6d82d5000 r-xp 00000000 08:05 4194784                    /lib/x86_64-linux-gnu/libm-2.15.so
7ff6d82d5000-7ff6d84d4000 ---p 000f9000 08:05 4194784                    /lib/x86_64-linux-gnu/libm-2.15.so
7ff6d84d4000-7ff6d84d5000 r--p 000f8000 08:05 4194784                    /lib/x86_64-linux-gnu/libm-2.15.so
7ff6d84d5000-7ff6d84d6000 rw-p 000f9000 08:05 4194784                    /lib/x86_64-linux-gnu/libm-2.15.so
7ff6d84d6000-7ff6d85b8000 r-xp 00000000 08:05 4461637                    /usr/lib/x86_64-linux-gnu/libstdc++.so.6.0.16
7ff6d85b8000-7ff6d87b7000 ---p 000e2000 08:05 4461637                    /usr/lib/x86_64-linux-gnu/libstdc++.so.6.0.16
7ff6d87b7000-7ff6d87bf000 r--p 000e1000 08:05 4461637                    /usr/lib/x86_64-linux-gnu/libstdc++.so.6.0.16
7ff6d87bf000-7ff6d87c1000 rw-p 000e9000 08:05 4461637                    /usr/lib/x86_64-linux-gnu/libstdc++.so.6.0.16
7ff6d87c1000-7ff6d87d6000 rw-p 00000000 00:00 0 
7ff6d87d6000-7ff6d90da000 r-xp 00000000 08:05 4333834                    /usr/lib/jvm/java-6-openjdk-amd64/jre/lib/amd64/server/libjvm.so
7ff6d90da000-7ff6d92da000 ---p 00904000 08:05 4333834                    /usr/lib/jvm/java-6-openjdk-amd64/jre/lib/amd64/server/libjvm.so
7ff6d92da000-7ff6d935a000 r--p 00904000 08:05 4333834                    /usr/lib/jvm/java-6-openjdk-amd64/jre/lib/amd64/server/libjvm.so
7ff6d935a000-7ff6d9375000 rw-p 00984000 08:05 4333834                    /usr/lib/jvm/java-6-openjdk-amd64/jre/lib/amd64/server/libjvm.so
7ff6d9375000-7ff6d939e000 rw-p 00000000 00:00 0 
7ff6d939e000-7ff6d93b4000 r-xp 00000000 08:05 4198024                    /lib/x86_64-linux-gnu/libz.so.1.2.3.4
7ff6d93b4000-7ff6d95b3000 ---p 00016000 08:05 4198024                    /lib/x86_64-linux-gnu/libz.so.1.2.3.4
7ff6d95b3000-7ff6d95b4000 r--p 00015000 08:05 4198024                    /lib/x86_64-linux-gnu/libz.so.1.2.3.4
7ff6d95b4000-7ff6d95b5000 rw-p 00016000 08:05 4198024                    /lib/x86_64-linux-gnu/libz.so.1.2.3.4
7ff6d95b5000-7ff6d976a000 r-xp 00000000 08:05 4194772                    /lib/x86_64-linux-gnu/libc-2.15.so
7ff6d976a000-7ff6d9969000 ---p 001b5000 08:05 4194772                    /lib/x86_64-linux-gnu/libc-2.15.so
7ff6d9969000-7ff6d996d000 r--p 001b4000 08:05 4194772                    /lib/x86_64-linux-gnu/libc-2.15.so
7ff6d996d000-7ff6d996f000 rw-p 001b8000 08:05 4194772                    /lib/x86_64-linux-gnu/libc-2.15.so
7ff6d996f000-7ff6d9974000 rw-p 00000000 00:00 0 
7ff6d9974000-7ff6d9976000 r-xp 00000000 08:05 4194771                    /lib/x86_64-linux-gnu/libdl-2.15.so
7ff6d9976000-7ff6d9b76000 ---p 00002000 08:05 4194771                    /lib/x86_64-linux-gnu/libdl-2.15.so
7ff6d9b76000-7ff6d9b77000 r--p 00002000 08:05 4194771                    /lib/x86_64-linux-gnu/libdl-2.15.so
7ff6d9b77000-7ff6d9b78000 rw-p 00003000 08:05 4194771                    /lib/x86_64-linux-gnu/libdl-2.15.so
7ff6d9b78000-7ff6d9b7c000 r-xp 00000000 08:05 4333811                    /usr/lib/jvm/java-6-openjdk-amd64/jre/lib/amd64/jli/libjli.so
7ff6d9b7c000-7ff6d9d7b000 ---p 00004000 08:05 4333811                    /usr/lib/jvm/java-6-openjdk-amd64/jre/lib/amd64/jli/libjli.so
7ff6d9d7b000-7ff6d9d7c000 r--p 00003000 08:05 4333811                    /usr/lib/jvm/java-6-openjdk-amd64/jre/lib/amd64/jli/libjli.so
7ff6d9d7c000-7ff6d9d7d000 rw-p 00004000 08:05 4333811                    /usr/lib/jvm/java-6-openjdk-amd64/jre/lib/amd64/jli/libjli.so
7ff6d9d7d000-7ff6d9d95000 r-xp 00000000 08:05 4194774                    /lib/x86_64-linux-gnu/libpthread-2.15.so
7ff6d9d95000-7ff6d9f94000 ---p 00018000 08:05 4194774                    /lib/x86_64-linux-gnu/libpthread-2.15.so
7ff6d9f94000-7ff6d9f95000 r--p 00017000 08:05 4194774                    /lib/x86_64-linux-gnu/libpthread-2.15.so
7ff6d9f95000-7ff6d9f96000 rw-p 00018000 08:05 4194774                    /lib/x86_64-linux-gnu/libpthread-2.15.so
7ff6d9f96000-7ff6d9f9a000 rw-p 00000000 00:00 0 
7ff6d9f9a000-7ff6d9fbc000 r-xp 00000000 08:05 4194790                    /lib/x86_64-linux-gnu/ld-2.15.so
7ff6d9fbc000-7ff6d9fbd000 r--s 00002000 00:14 1051233                    /home/peter/.m2/repository/net/java/jinput/jinput-platform/2.0.5/jinput-platform-2.0.5-natives-linux.jar
7ff6d9fbd000-7ff6d9fbe000 r--s 00001000 00:14 1051232                    /home/peter/.m2/repository/net/java/jutils/jutils/1.0.0/jutils-1.0.0.jar
7ff6d9fbe000-7ff6d9fc2000 r--s 0002f000 00:14 1051226                    /home/peter/.m2/repository/net/java/jinput/jinput/2.0.5/jinput-2.0.5.jar
7ff6d9fc2000-7ff6d9fc3000 r--s 00059000 00:14 1051228                    /home/peter/.m2/repository/org/lwjgl/lwjgl/lwjgl-platform/2.8.4/lwjgl-platform-2.8.4-natives-osx.jar
7ff6d9fc3000-7ff6d9fc4000 r--s 00086000 00:14 1051225                    /home/peter/.m2/repository/org/lwjgl/lwjgl/lwjgl-platform/2.8.4/lwjgl-platform-2.8.4-natives-linux.jar
7ff6d9fc4000-7ff6d9fc6000 r--s 00088000 00:14 1051229                    /home/peter/.m2/repository/org/lwjgl/lwjgl/lwjgl-platform/2.8.4/lwjgl-platform-2.8.4-natives-windows.jar
7ff6d9fc6000-7ff6d9fc8000 r--s 00011000 00:14 919239                     /home/peter/.m2/repository/com/peterlavalle/libgdx-degen.gdx.math/0.9.6/libgdx-degen.gdx.math-0.9.6.jar
7ff6d9fc8000-7ff6d9fcb000 r--s 0007d000 08:05 4333260                    /usr/lib/jvm/java-6-openjdk-common/jre/lib/jsse.jar
7ff6d9fcb000-7ff6d9fd9000 r--s 000d8000 00:14 919240                     /home/peter/.m2/repository/com/peterlavalle/libgdx-degen.gdx/0.9.6/libgdx-degen.gdx-0.9.6.jar
7ff6d9fd9000-7ff6d9fe3000 rw-p 00000000 00:00 0 
7ff6d9fe3000-7ff6da099000 rw-p 00000000 00:00 0 
7ff6da099000-7ff6da09c000 ---p 00000000 00:00 0 
7ff6da09c000-7ff6da19f000 rw-p 00000000 00:00 0 
7ff6da19f000-7ff6da1a1000 r--s 0049c000 00:14 3016958                    /home/peter/.m2/repository/com/peterlavalle/libgdx/demos.invaders.shared/1.3.3-SNAPSHOT/demos.invaders.shared-1.3.3-SNAPSHOT.jar
7ff6da1a1000-7ff6da1a2000 r--s 00007000 08:05 4730445                    /usr/share/java/java-atk-wrapper.jar
7ff6da1a2000-7ff6da1a5000 r--s 00077000 08:05 4333285                    /usr/lib/jvm/java-6-openjdk-common/jre/lib/ext/localedata.jar
7ff6da1a5000-7ff6da1a9000 r--s 00038000 08:05 4333284                    /usr/lib/jvm/java-6-openjdk-common/jre/lib/ext/sunpkcs11.jar
7ff6da1a9000-7ff6da1ab000 r--s 00001000 08:05 4333287                    /usr/lib/jvm/java-6-openjdk-common/jre/lib/ext/dnsns.jar
7ff6da1ab000-7ff6da1ae000 r--s 00031000 08:05 4333286                    /usr/lib/jvm/java-6-openjdk-common/jre/lib/ext/sunjce_provider.jar
7ff6da1ae000-7ff6da1b0000 r--s 0000f000 08:05 4333288                    /usr/lib/jvm/java-6-openjdk-common/jre/lib/ext/pulse-java.jar
7ff6da1b0000-7ff6da1b8000 rw-s 00000000 08:05 3670081                    /tmp/hsperfdata_peter/3850 (deleted)
7ff6da1b8000-7ff6da1b9000 rw-p 00000000 00:00 0 
7ff6da1b9000-7ff6da1ba000 ---p 00000000 00:00 0 
7ff6da1ba000-7ff6da1bc000 rw-p 00000000 00:00 0 
7ff6da1bc000-7ff6da1bd000 r--p 00022000 08:05 4194790                    /lib/x86_64-linux-gnu/ld-2.15.so
7ff6da1bd000-7ff6da1bf000 rw-p 00023000 08:05 4194790                    /lib/x86_64-linux-gnu/ld-2.15.so
7fff69380000-7fff693a1000 rw-p 00000000 00:00 0                          [stack]
7fff693ff000-7fff69400000 r-xp 00000000 00:00 0                          [vdso]
ffffffffff600000-ffffffffff601000 r-xp 00000000 00:00 0                  [vsyscall]

VM Arguments:
java_command: com.badlogic.gdxinvaders.GdxInvadersDesktop
Launcher Type: SUN_STANDARD

Environment Variables:
JAVA_HOME=/usr/lib/jvm/java-6-openjdk-amd64
PATH=/usr/lib/lightdm/lightdm:/usr/local/sbin:/usr/local/bin:/usr/sbin:/usr/bin:/sbin:/bin:/usr/games
LD_LIBRARY_PATH=/usr/lib/jvm/java-6-openjdk-amd64/jre/lib/amd64/server:/usr/lib/jvm/java-6-openjdk-amd64/jre/lib/amd64:/usr/lib/jvm/java-6-openjdk-amd64/jre/../lib/amd64
SHELL=/bin/bash
DISPLAY=:0

Signal Handlers:
SIGSEGV: [libjvm.so+0x784310], sa_mask[0]=0x7ffbfeff, sa_flags=0x10000004
SIGBUS: [libjvm.so+0x784310], sa_mask[0]=0x7ffbfeff, sa_flags=0x10000004
SIGFPE: [libjvm.so+0x648580], sa_mask[0]=0x7ffbfeff, sa_flags=0x10000004
SIGPIPE: [libjvm.so+0x648580], sa_mask[0]=0x7ffbfeff, sa_flags=0x10000004
SIGXFSZ: [libjvm.so+0x648580], sa_mask[0]=0x7ffbfeff, sa_flags=0x10000004
SIGILL: [libjvm.so+0x648580], sa_mask[0]=0x7ffbfeff, sa_flags=0x10000004
SIGUSR1: SIG_DFL, sa_mask[0]=0x00000000, sa_flags=0x00000000
SIGUSR2: [libjvm.so+0x648730], sa_mask[0]=0x00000004, sa_flags=0x10000004
SIGHUP: [libjvm.so+0x64b250], sa_mask[0]=0x7ffbfeff, sa_flags=0x10000004
SIGINT: SIG_IGN, sa_mask[0]=0x00000000, sa_flags=0x00000000
SIGTERM: [libjvm.so+0x64b250], sa_mask[0]=0x7ffbfeff, sa_flags=0x10000004
SIGQUIT: [libjvm.so+0x64b250], sa_mask[0]=0x7ffbfeff, sa_flags=0x10000004


---------------  S Y S T E M  ---------------

OS:Ubuntu 12.04 (precise)
uname:Linux 3.2.0-32-generic #51-Ubuntu SMP Wed Sep 26 21:33:09 UTC 2012 x86_64
libc:glibc 2.15 NPTL 2.15 
rlimit: STACK 8192k, CORE 0k, NPROC 62888, NOFILE 4096, AS infinity
load average:1.72 1.70 1.61

/proc/meminfo:
MemTotal:        8139292 kB
MemFree:         1487272 kB
Buffers:           75040 kB
Cached:          3518116 kB
SwapCached:         1096 kB
Active:          3408692 kB
Inactive:        2383180 kB
Active(anon):    1636780 kB
Inactive(anon):   575236 kB
Active(file):    1771912 kB
Inactive(file):  1807944 kB
Unevictable:          60 kB
Mlocked:              60 kB
SwapTotal:       8347644 kB
SwapFree:        8343316 kB
Dirty:                60 kB
Writeback:             0 kB
AnonPages:       2197840 kB
Mapped:           300268 kB
Shmem:             13220 kB
Slab:             337124 kB
SReclaimable:     212080 kB
SUnreclaim:       125044 kB
KernelStack:        4480 kB
PageTables:        38244 kB
NFS_Unstable:          0 kB
Bounce:                0 kB
WritebackTmp:          0 kB
CommitLimit:    12417288 kB
Committed_AS:    4925360 kB
VmallocTotal:   34359738367 kB
VmallocUsed:      316176 kB
VmallocChunk:   34359415972 kB
HardwareCorrupted:     0 kB
AnonHugePages:         0 kB
HugePages_Total:       0
HugePages_Free:        0
HugePages_Rsvd:        0
HugePages_Surp:        0
Hugepagesize:       2048 kB
DirectMap4k:      683008 kB
DirectMap2M:     7671808 kB
DirectMap1G:           0 kB


CPU:total 4 (4 cores per cpu, 1 threads per core) family 16 model 5 stepping 3, cmov, cx8, fxsr, mmx, sse, sse2, sse3, popcnt, mmxext, 3dnowpref, lzcnt, sse4a

Memory: 4k page, physical 8139292k(1487272k free), swap 8347644k(8343316k free)

vm_info: OpenJDK 64-Bit Server VM (20.0-b12) for linux-amd64 JRE (1.6.0_24-b24), built on Sep  2 2012 19:50:47 by "buildd" with gcc 4.6.3

time: Sat Oct 13 23:34:29 2012
elapsed time: 138 seconds

